Arguments: 
  C:\Program Files\nodejs\node.exe C:\Users\Felipe Vieira\AppData\Roaming\npm\node_modules\yarn\bin\yarn.js add react-native-vector-icons

PATH: 
  C:\Program Files (x86)\Common Files\Oracle\Java\javapath;C:\ProgramData\Oracle\Java\javapath;C:\Program Files (x86)\Intel\iCLS Client\;C:\Program Files\Intel\iCLS Client\;C:\Windows\system32;C:\Windows;C:\Windows\System32\Wbem;C:\Windows\System32\WindowsPowerShell\v1.0\;C:\Program Files (x86)\Intel\Intel(R) Management Engine Components\DAL;C:\Program Files\Intel\Intel(R) Management Engine Components\DAL;C:\Program Files (x86)\Intel\Intel(R) Management Engine Components\IPT;C:\Program Files\Intel\Intel(R) Management Engine Components\IPT;C:\Program Files (x86)\NVIDIA Corporation\PhysX\Common;C:\WINDOWS\system32;C:\WINDOWS;C:\WINDOWS\System32\Wbem;C:\WINDOWS\System32\WindowsPowerShell\v1.0\;C:\Program Files\Microsoft SQL Server\Client SDK\ODBC\110\Tools\Binn\;C:\Program Files (x86)\Microsoft SQL Server\120\Tools\Binn\;C:\Program Files\Microsoft SQL Server\120\Tools\Binn\;C:\Program Files\Microsoft SQL Server\120\DTS\Binn\;C:\Program Files (x86)\Microsoft SQL Server\120\Tools\Binn\ManagementStudio\;C:\Program Files (x86)\Microsoft SQL Server\120\DTS\Binn\;C:\Program Files\Microsoft SQL Server\130\Tools\Binn\;C:\Program Files\dotnet\;C:\WINDOWS\System32\OpenSSH\;C:\Program Files\Git\cmd;C:\Program Files\nodejs\;C:\Users\Felipe Vieira\AppData\Local\Microsoft\WindowsApps;C:\Users\Felipe Vieira\AppData\Local\Programs\Microsoft VS Code\bin;C:\Users\Felipe Vieira\AppData\Local\GitHubDesktop\bin;C:\Users\Felipe Vieira\AppData\Roaming\npm

Yarn version: 
  1.13.0

Node version: 
  11.10.1

Platform: 
  win32 x64

Trace: 
  Error: https://registry.yarnpkg.com/lottie-react-native/-/lottie-react-native-2.5.0.tgz: ESOCKETTIMEDOUT
      at ClientRequest.<anonymous> (C:\Users\Felipe Vieira\AppData\Roaming\npm\node_modules\yarn\lib\cli.js:130024:19)
      at Object.onceWrapper (events.js:285:13)
      at ClientRequest.emit (events.js:197:13)
      at TLSSocket.emitRequestTimeout (_http_client.js:669:40)
      at Object.onceWrapper (events.js:285:13)
      at TLSSocket.emit (events.js:197:13)
      at TLSSocket.Socket._onTimeout (net.js:447:8)
      at listOnTimeout (timers.js:327:15)
      at processTimers (timers.js:271:5)

npm manifest: 
  {
    "main": "node_modules/expo/AppEntry.js",
    "scripts": {
      "start": "expo start",
      "android": "expo start --android",
      "ios": "expo start --ios",
      "eject": "expo eject"
    },
    "dependencies": {
      "expo": "^32.0.0",
      "react": "16.5.0",
      "react-native": "https://github.com/expo/react-native/archive/sdk-32.0.0.tar.gz",
      "react-navigation": "^3.3.2"
    },
    "devDependencies": {
      "babel-preset-expo": "^5.0.0"
    },
    "private": true
  }

yarn manifest: 
  No manifest

Lockfile: 
  No lockfile
